<?xml version="1.0" encoding="UTF-8"?>
<coverage generated="1672037709024" clover="3.2.0">
  <project timestamp="1672037709024" name="All files">
    <metrics statements="30" coveredstatements="15" conditionals="10" coveredconditionals="3" methods="13" coveredmethods="5" elements="53" coveredelements="23" complexity="0" loc="30" ncloc="30" packages="2" files="2" classes="2"/>
    <package name="Login">
      <metrics statements="26" coveredstatements="11" conditionals="10" coveredconditionals="3" methods="12" coveredmethods="4"/>
      <file name="Login.jsx" path="C:\Users\stevenma\Desktop\2022\Rasa-Interface-React\src\components\Login\Login.jsx">
        <metrics statements="26" coveredstatements="11" conditionals="10" coveredconditionals="3" methods="12" coveredmethods="4"/>
        <line num="15" count="1" type="stmt"/>
        <line num="16" count="0" type="stmt"/>
        <line num="29" count="0" type="stmt"/>
        <line num="31" count="0" type="cond" truecount="0" falsecount="2"/>
        <line num="32" count="0" type="stmt"/>
        <line num="34" count="0" type="stmt"/>
        <line num="37" count="0" type="stmt"/>
        <line num="40" count="0" type="stmt"/>
        <line num="43" count="0" type="cond" truecount="0" falsecount="2"/>
        <line num="44" count="0" type="stmt"/>
        <line num="52" count="1" type="stmt"/>
        <line num="56" count="2" type="stmt"/>
        <line num="60" count="2" type="stmt"/>
        <line num="61" count="3" type="stmt"/>
        <line num="68" count="2" type="stmt"/>
        <line num="69" count="0" type="stmt"/>
        <line num="70" count="0" type="stmt"/>
        <line num="71" count="0" type="stmt"/>
        <line num="78" count="2" type="stmt"/>
        <line num="80" count="1" type="stmt"/>
        <line num="85" count="2" type="cond" truecount="1" falsecount="1"/>
        <line num="86" count="0" type="stmt"/>
        <line num="87" count="0" type="stmt"/>
        <line num="90" count="0" type="stmt"/>
        <line num="93" count="2" type="stmt"/>
        <line num="127" count="1" type="stmt"/>
      </file>
    </package>
    <package name="MyButton">
      <metrics statements="4" coveredstatements="4" conditionals="0" coveredconditionals="0" methods="1" coveredmethods="1"/>
      <file name="MyButton.jsx" path="C:\Users\stevenma\Desktop\2022\Rasa-Interface-React\src\components\MyButton\MyButton.jsx">
        <metrics statements="4" coveredstatements="4" conditionals="0" coveredconditionals="0" methods="1" coveredmethods="1"/>
        <line num="18" count="1" type="stmt"/>
        <line num="30" count="2" type="stmt"/>
        <line num="31" count="2" type="stmt"/>
        <line num="34" count="2" type="stmt"/>
      </file>
    </package>
  </project>
</coverage>
