{"C:\\Users\\stevenma\\Desktop\\2022\\Rasa-Interface-React\\src\\components\\Login\\Login.jsx": {"path":"C:\\Users\\stevenma\\Desktop\\2022\\Rasa-Interface-React\\src\\components\\Login\\Login.jsx","statementMap":{"0":{"start":{"line":15,"column":21},"end":{"line":50,"column":1}},"1":{"start":{"line":16,"column":2},"end":{"line":49,"column":7}},"2":{"start":{"line":29,"column":8},"end":{"line":38,"column":13}},"3":{"start":{"line":31,"column":12},"end":{"line":33,"column":13}},"4":{"start":{"line":32,"column":14},"end":{"line":32,"column":51}},"5":{"start":{"line":34,"column":12},"end":{"line":34,"column":35}},"6":{"start":{"line":37,"column":12},"end":{"line":37,"column":67}},"7":{"start":{"line":40,"column":31},"end":{"line":40,"column":48}},"8":{"start":{"line":43,"column":6},"end":{"line":48,"column":7}},"9":{"start":{"line":44,"column":8},"end":{"line":47,"column":11}},"10":{"start":{"line":52,"column":14},"end":{"line":151,"column":1}},"11":{"start":{"line":56,"column":40},"end":{"line":59,"column":4}},"12":{"start":{"line":60,"column":37},"end":{"line":66,"column":13}},"13":{"start":{"line":61,"column":4},"end":{"line":65,"column":6}},"14":{"start":{"line":68,"column":18},"end":{"line":76,"column":8}},"15":{"start":{"line":69,"column":28},"end":{"line":69,"column":36}},"16":{"start":{"line":70,"column":4},"end":{"line":75,"column":7}},"17":{"start":{"line":71,"column":6},"end":{"line":74,"column":8}},"18":{"start":{"line":78,"column":18},"end":{"line":83,"column":3}},"19":{"start":{"line":80,"column":6},"end":{"line":80,"column":31}},"20":{"start":{"line":85,"column":2},"end":{"line":91,"column":3}},"21":{"start":{"line":86,"column":25},"end":{"line":86,"column":68}},"22":{"start":{"line":87,"column":24},"end":{"line":89,"column":5}},"23":{"start":{"line":90,"column":4},"end":{"line":90,"column":41}},"24":{"start":{"line":93,"column":2},"end":{"line":150,"column":4}},"25":{"start":{"line":127,"column":27},"end":{"line":127,"column":75}}},"fnMap":{"0":{"name":"(anonymous_0)","decl":{"start":{"line":15,"column":21},"end":{"line":15,"column":22}},"loc":{"start":{"line":15,"column":27},"end":{"line":50,"column":1}},"line":15},"1":{"name":"(anonymous_1)","decl":{"start":{"line":28,"column":18},"end":{"line":28,"column":19}},"loc":{"start":{"line":28,"column":29},"end":{"line":39,"column":7}},"line":28},"2":{"name":"(anonymous_2)","decl":{"start":{"line":30,"column":16},"end":{"line":30,"column":17}},"loc":{"start":{"line":30,"column":30},"end":{"line":35,"column":11}},"line":30},"3":{"name":"(anonymous_3)","decl":{"start":{"line":36,"column":17},"end":{"line":36,"column":18}},"loc":{"start":{"line":36,"column":28},"end":{"line":38,"column":11}},"line":36},"4":{"name":"(anonymous_4)","decl":{"start":{"line":40,"column":25},"end":{"line":40,"column":26}},"loc":{"start":{"line":40,"column":31},"end":{"line":40,"column":48}},"line":40},"5":{"name":"(anonymous_5)","decl":{"start":{"line":42,"column":10},"end":{"line":42,"column":11}},"loc":{"start":{"line":42,"column":22},"end":{"line":49,"column":5}},"line":42},"6":{"name":"(anonymous_6)","decl":{"start":{"line":52,"column":14},"end":{"line":52,"column":15}},"loc":{"start":{"line":52,"column":20},"end":{"line":151,"column":1}},"line":52},"7":{"name":"(anonymous_7)","decl":{"start":{"line":60,"column":51},"end":{"line":60,"column":52}},"loc":{"start":{"line":60,"column":69},"end":{"line":66,"column":3}},"line":60},"8":{"name":"(anonymous_8)","decl":{"start":{"line":68,"column":36},"end":{"line":68,"column":37}},"loc":{"start":{"line":68,"column":43},"end":{"line":76,"column":3}},"line":68},"9":{"name":"(anonymous_9)","decl":{"start":{"line":70,"column":19},"end":{"line":70,"column":20}},"loc":{"start":{"line":70,"column":29},"end":{"line":75,"column":5}},"line":70},"10":{"name":"(anonymous_10)","decl":{"start":{"line":79,"column":4},"end":{"line":79,"column":5}},"loc":{"start":{"line":79,"column":41},"end":{"line":81,"column":5}},"line":79},"11":{"name":"(anonymous_11)","decl":{"start":{"line":127,"column":21},"end":{"line":127,"column":22}},"loc":{"start":{"line":127,"column":27},"end":{"line":127,"column":75}},"line":127}},"branchMap":{"0":{"loc":{"start":{"line":31,"column":12},"end":{"line":33,"column":13}},"type":"if","locations":[{"start":{"line":31,"column":12},"end":{"line":33,"column":13}},{"start":{},"end":{}}],"line":31},"1":{"loc":{"start":{"line":43,"column":6},"end":{"line":48,"column":7}},"type":"if","locations":[{"start":{"line":43,"column":6},"end":{"line":48,"column":7}},{"start":{},"end":{}}],"line":43},"2":{"loc":{"start":{"line":85,"column":2},"end":{"line":91,"column":3}},"type":"if","locations":[{"start":{"line":85,"column":2},"end":{"line":91,"column":3}},{"start":{},"end":{}}],"line":85},"3":{"loc":{"start":{"line":88,"column":6},"end":{"line":88,"column":45}},"type":"binary-expr","locations":[{"start":{"line":88,"column":6},"end":{"line":88,"column":38}},{"start":{"line":88,"column":42},"end":{"line":88,"column":45}}],"line":88},"4":{"loc":{"start":{"line":95,"column":7},"end":{"line":95,"column":48}},"type":"binary-expr","locations":[{"start":{"line":95,"column":7},"end":{"line":95,"column":14}},{"start":{"line":95,"column":18},"end":{"line":95,"column":48}}],"line":95}},"s":{"0":1,"1":0,"2":0,"3":0,"4":0,"5":0,"6":0,"7":0,"8":0,"9":0,"10":1,"11":2,"12":2,"13":3,"14":2,"15":0,"16":0,"17":0,"18":2,"19":1,"20":2,"21":0,"22":0,"23":0,"24":2,"25":1},"f":{"0":0,"1":0,"2":0,"3":0,"4":0,"5":0,"6":2,"7":3,"8":0,"9":0,"10":1,"11":1},"b":{"0":[0,0],"1":[0,0],"2":[0,2],"3":[0,0],"4":[2,1]},"_coverageSchema":"1a1c01bbd47fc00a2c39e90264f33305004495a9","hash":"b8d4793e60756a65e798c863ee0f3234b6b22bb2"}
,"C:\\Users\\stevenma\\Desktop\\2022\\Rasa-Interface-React\\src\\components\\MyButton\\MyButton.jsx": {"path":"C:\\Users\\stevenma\\Desktop\\2022\\Rasa-Interface-React\\src\\components\\MyButton\\MyButton.jsx","statementMap":{"0":{"start":{"line":18,"column":42},"end":{"line":50,"column":1}},"1":{"start":{"line":30,"column":6},"end":{"line":30,"column":11}},"2":{"start":{"line":31,"column":20},"end":{"line":33,"column":3}},"3":{"start":{"line":34,"column":2},"end":{"line":49,"column":4}}},"fnMap":{"0":{"name":"(anonymous_0)","decl":{"start":{"line":18,"column":42},"end":{"line":18,"column":43}},"loc":{"start":{"line":18,"column":53},"end":{"line":50,"column":1}},"line":18}},"branchMap":{},"s":{"0":1,"1":2,"2":2,"3":2},"f":{"0":2},"b":{},"_coverageSchema":"1a1c01bbd47fc00a2c39e90264f33305004495a9","hash":"7c356bd540f4e3eb02359781396202107cfb3ba6"}
}
